Thu Feb 21 08:08:32 CET 2019 : Apache Derby Network Server - 10.10.2.0 - (1582446) started and ready to accept connections on port 1527
----------------------------------------------------------------
Thu Feb 21 08:08:33 CET 2019:
Booting Derby version The Apache Software Foundation - Apache Derby - 10.10.2.0 - (1582446): instance a816c00e-0169-0ee2-6875-ffffbf394002 
on database directory /Users/juliaortheden/.netbeans-derby/schemadb with class loader sun.misc.Launcher$AppClassLoader@66d3c617 
Loaded from file:/Applications/NetBeans/glassfish-4.1.1/javadb/lib/derby.jar
java.vendor=Oracle Corporation
java.runtime.version=1.8.0_111-b14
user.dir=/Applications/NetBeans/glassfish-4.1.1/javadb
os.name=Mac OS X
os.arch=x86_64
os.version=10.14.3
derby.system.home=/Users/juliaortheden/.netbeans-derby
Database Class Loader started - derby.database.classpath=''
----------------------------------------------------------------
Thu Feb 21 08:12:37 CET 2019:
Booting Derby version The Apache Software Foundation - Apache Derby - 10.10.2.0 - (1582446): instance a094c023-0169-0ee2-6875-ffffbf394002 
on database directory /Users/juliaortheden/.netbeans-derby/sample with class loader sun.misc.Launcher$AppClassLoader@66d3c617 
Loaded from file:/Applications/NetBeans/glassfish-4.1.1/javadb/lib/derby.jar
java.vendor=Oracle Corporation
java.runtime.version=1.8.0_111-b14
user.dir=/Applications/NetBeans/glassfish-4.1.1/javadb
os.name=Mac OS X
os.arch=x86_64
os.version=10.14.3
derby.system.home=/Users/juliaortheden/.netbeans-derby
Database Class Loader started - derby.database.classpath=''
